[INFO ] 2021-12-21 19:59:20.012 [TestNG-PoolService-2] BasePage - Test-3 Enter search lamp
[INFO ] 2021-12-21 19:59:20.373 [TestNG-PoolService-1] BasePage - Test-2 Enter search bag
[INFO ] 2021-12-21 19:59:22.113 [TestNG-PoolService-0] BasePage - Test-1 Enter search phone
[INFO ] 2021-12-21 19:59:27.651 [TestNG-PoolService-0] BasePage - Test-0 Select first product to Curt
[INFO ] 2021-12-21 19:59:27.794 [TestNG-PoolService-1] BasePage - Test-0 Select first product to Curt
[INFO ] 2021-12-21 19:59:27.834 [TestNG-PoolService-2] BasePage - Test-0 Select first product to Curt
[INFO ] 2021-12-21 19:59:28.577 [TestNG-PoolService-0] BasePage - Test-0 Open Curt page
[INFO ] 2021-12-21 19:59:28.582 [TestNG-PoolService-1] BasePage - Test-0 Open Curt page
[INFO ] 2021-12-21 19:59:28.619 [TestNG-PoolService-2] BasePage - Test-0 Open Curt page
[INFO ] 2021-12-21 19:59:37.869 [TestNG-PoolService-1] BasePage - Test-4 Enter search лижі
[INFO ] 2021-12-21 19:59:38.283 [TestNG-PoolService-2] BasePage - Test-5 Enter search sup
[INFO ] 2021-12-21 19:59:43.793 [TestNG-PoolService-2] BasePage - Test-0 Select first product to Curt
[INFO ] 2021-12-21 19:59:43.802 [TestNG-PoolService-1] BasePage - Test-0 Select first product to Curt
[INFO ] 2021-12-21 19:59:44.204 [TestNG-PoolService-2] BasePage - Test-0 Open Curt page
[INFO ] 2021-12-21 19:59:44.207 [TestNG-PoolService-1] BasePage - Test-0 Open Curt page
[INFO ] 2021-12-21 20:00:44.347 [main] BasePage - Test-1 Enter search phone
[INFO ] 2021-12-21 20:00:47.572 [main] BasePage - Test-0 Select first product to Curt
[INFO ] 2021-12-21 20:00:48.038 [main] BasePage - Test-0 Open Curt page
[INFO ] 2021-12-21 20:00:49.450 [main] BasePage - Test-0 get sum price29999
[INFO ] 2021-12-21 20:02:37.396 [TestNG-test=Test-1] BasePage - Test-1 Enter search phone
[INFO ] 2021-12-21 20:02:40.282 [TestNG-test=Test-1] BasePage - Test-0 Select first product to Curt
[INFO ] 2021-12-21 20:02:40.576 [TestNG-test=Test-1] BasePage - Test-0 Open Curt page
[INFO ] 2021-12-21 20:02:41.646 [TestNG-test=Test-1] BasePage - Test-0 get sum price29999
[INFO ] 2021-12-21 20:03:13.078 [TestNG-PoolService-2] BasePage - Test-3 Enter search lamp
[INFO ] 2021-12-21 20:03:13.232 [TestNG-PoolService-1] BasePage - Test-2 Enter search bag
[INFO ] 2021-12-21 20:03:13.453 [TestNG-PoolService-0] BasePage - Test-1 Enter search phone
[INFO ] 2021-12-21 20:03:19.941 [TestNG-PoolService-0] BasePage - Test-0 Select first product to Curt
[INFO ] 2021-12-21 20:03:19.983 [TestNG-PoolService-2] BasePage - Test-0 Select first product to Curt
[INFO ] 2021-12-21 20:03:20.568 [TestNG-PoolService-0] BasePage - Test-0 Open Curt page
[INFO ] 2021-12-21 20:03:21.107 [TestNG-PoolService-2] BasePage - Test-0 Open Curt page
[INFO ] 2021-12-21 20:03:21.345 [TestNG-PoolService-1] BasePage - Test-0 Select first product to Curt
[INFO ] 2021-12-21 20:03:28.256 [TestNG-PoolService-2] BasePage - Test-4 Enter search лижі
[INFO ] 2021-12-21 20:03:30.874 [TestNG-PoolService-1] BasePage - Test-5 Enter search sup
[INFO ] 2021-12-21 20:03:35.632 [TestNG-PoolService-1] BasePage - Test-0 Select first product to Curt
[INFO ] 2021-12-21 20:03:35.644 [TestNG-PoolService-2] BasePage - Test-0 Select first product to Curt
[INFO ] 2021-12-21 20:03:36.054 [TestNG-PoolService-1] BasePage - Test-0 Open Curt page
[INFO ] 2021-12-21 20:03:36.087 [TestNG-PoolService-2] BasePage - Test-0 Open Curt page
[INFO ] 2021-12-21 20:08:23.946 [TestNG-PoolService-0] BasePage - Test-1 Enter search phone
[INFO ] 2021-12-21 20:08:24.014 [TestNG-PoolService-2] BasePage - Test-3 Enter search lamp
[INFO ] 2021-12-21 20:08:24.437 [TestNG-PoolService-1] BasePage - Test-2 Enter search bag
[INFO ] 2021-12-21 20:08:32.009 [TestNG-PoolService-1] BasePage - Test-0 Select first product to Curt
[INFO ] 2021-12-21 20:08:32.015 [TestNG-PoolService-0] BasePage - Test-0 Select first product to Curt
[INFO ] 2021-12-21 20:08:32.517 [TestNG-PoolService-0] BasePage - Test-0 Open Curt page
[INFO ] 2021-12-21 20:08:32.578 [TestNG-PoolService-1] BasePage - Test-0 Open Curt page
[INFO ] 2021-12-21 20:08:32.654 [TestNG-PoolService-2] BasePage - Test-0 Select first product to Curt
[INFO ] 2021-12-21 20:08:40.149 [TestNG-PoolService-1] BasePage - Test-4 Enter search лижі
[INFO ] 2021-12-21 20:08:42.653 [TestNG-PoolService-2] BasePage - Test-5 Enter search sup
[INFO ] 2021-12-21 20:08:45.543 [TestNG-PoolService-1] BasePage - Test-0 Select first product to Curt
[INFO ] 2021-12-21 20:08:45.857 [TestNG-PoolService-1] BasePage - Test-0 Open Curt page
[INFO ] 2021-12-21 20:08:46.340 [TestNG-PoolService-1] BasePage - Test-0 get sum price4160
[INFO ] 2021-12-21 20:08:48.549 [TestNG-PoolService-2] BasePage - Test-0 Select first product to Curt
[INFO ] 2021-12-21 20:08:48.838 [TestNG-PoolService-2] BasePage - Test-0 Open Curt page
[INFO ] 2021-12-21 20:08:49.409 [TestNG-PoolService-2] BasePage - Test-0 get sum price350
[INFO ] 2021-12-21 20:10:10.717 [main] BasePage - Test-1 Enter search phone
[INFO ] 2021-12-21 20:10:13.939 [main] BasePage - Test-0 Select first product to Curt
[INFO ] 2021-12-21 20:10:14.220 [main] BasePage - Test-0 Open Curt page
[INFO ] 2021-12-21 20:10:15.286 [main] BasePage - Test-0 get sum price29999
[INFO ] 2021-12-21 20:10:22.855 [main] BasePage - Test-2 Enter search bag
[INFO ] 2021-12-21 20:10:26.760 [main] BasePage - Test-0 Select first product to Curt
[INFO ] 2021-12-21 20:10:27.024 [main] BasePage - Test-0 Open Curt page
[INFO ] 2021-12-21 20:10:27.549 [main] BasePage - Test-0 get sum price3400
[INFO ] 2021-12-21 20:10:33.692 [main] BasePage - Test-3 Enter search lamp
[INFO ] 2021-12-21 20:10:36.797 [main] BasePage - Test-0 Select first product to Curt
[INFO ] 2021-12-21 20:10:37.067 [main] BasePage - Test-0 Open Curt page
[INFO ] 2021-12-21 20:10:37.772 [main] BasePage - Test-0 get sum price750
[INFO ] 2021-12-21 20:10:44.713 [main] BasePage - Test-4 Enter search лижі
[INFO ] 2021-12-21 20:10:48.859 [main] BasePage - Test-0 Select first product to Curt
[INFO ] 2021-12-21 20:10:49.347 [main] BasePage - Test-0 Open Curt page
[INFO ] 2021-12-21 20:10:49.959 [main] BasePage - Test-0 get sum price4160
[INFO ] 2021-12-21 20:10:56.726 [main] BasePage - Test-5 Enter search sup
[INFO ] 2021-12-21 20:11:01.164 [main] BasePage - Test-0 Select first product to Curt
[INFO ] 2021-12-21 20:11:01.451 [main] BasePage - Test-0 Open Curt page
[INFO ] 2021-12-21 20:11:02.194 [main] BasePage - Test-0 get sum price350
[INFO ] 2021-12-21 20:12:30.657 [TestNG-PoolService-1] BasePage - Test-2 Enter search bag
[INFO ] 2021-12-21 20:12:30.832 [TestNG-PoolService-0] BasePage - Test-1 Enter search phone
[INFO ] 2021-12-21 20:12:31.174 [TestNG-PoolService-2] BasePage - Test-3 Enter search lamp
[INFO ] 2021-12-21 20:12:41.992 [TestNG-PoolService-2] BasePage - Test-0 Select first product to Curt
[INFO ] 2021-12-21 20:12:42.248 [TestNG-PoolService-2] BasePage - Test-0 Open Curt page
[INFO ] 2021-12-21 20:12:43.786 [TestNG-PoolService-2] BasePage - Test-0 get sum price750
[INFO ] 2021-12-21 20:12:44.438 [TestNG-PoolService-0] BasePage - Test-0 Select first product to Curt
[INFO ] 2021-12-21 20:12:44.470 [TestNG-PoolService-1] BasePage - Test-0 Select first product to Curt
[INFO ] 2021-12-21 20:12:52.753 [TestNG-PoolService-0] BasePage - Test-4 Enter search лижі
[INFO ] 2021-12-21 20:12:53.371 [TestNG-PoolService-2] BasePage - Test-5 Enter search sup
[INFO ] 2021-12-21 20:12:58.675 [TestNG-PoolService-2] BasePage - Test-0 Select first product to Curt
[INFO ] 2021-12-21 20:12:58.715 [TestNG-PoolService-0] BasePage - Test-0 Select first product to Curt
[INFO ] 2021-12-21 20:12:59.246 [TestNG-PoolService-2] BasePage - Test-0 Open Curt page
[INFO ] 2021-12-21 20:12:59.288 [TestNG-PoolService-0] BasePage - Test-0 Open Curt page
[INFO ] 2021-12-21 20:13:36.459 [TestNG-PoolService-0] BasePage - Test-1 Enter search phone
[INFO ] 2021-12-21 20:13:40.214 [TestNG-PoolService-3] BasePage - Test-4 Enter search лижі
[INFO ] 2021-12-21 20:13:40.598 [TestNG-PoolService-1] BasePage - Test-2 Enter search bag
[INFO ] 2021-12-21 20:13:40.999 [TestNG-PoolService-4] BasePage - Test-5 Enter search sup
[INFO ] 2021-12-21 20:13:42.109 [TestNG-PoolService-2] BasePage - Test-3 Enter search lamp
[INFO ] 2021-12-21 20:13:52.632 [TestNG-PoolService-0] BasePage - Test-0 Select first product to Curt
[INFO ] 2021-12-21 20:13:52.897 [TestNG-PoolService-2] BasePage - Test-0 Select first product to Curt
[INFO ] 2021-12-21 20:13:53.660 [TestNG-PoolService-0] BasePage - Test-0 Open Curt page
[INFO ] 2021-12-21 20:13:55.871 [TestNG-PoolService-1] BasePage - Test-0 Select first product to Curt
[INFO ] 2021-12-21 20:13:56.023 [TestNG-PoolService-3] BasePage - Test-0 Select first product to Curt
[INFO ] 2021-12-21 20:13:56.044 [TestNG-PoolService-4] BasePage - Test-0 Select first product to Curt
[INFO ] 2021-12-21 20:13:58.351 [TestNG-PoolService-0] BasePage - Test-0 get sum price29999
[INFO ] 2021-12-21 20:15:05.197 [TestNG-PoolService-1] BasePage - Test-2 Enter search bag
[INFO ] 2021-12-21 20:15:09.736 [TestNG-PoolService-2] BasePage - Test-3 Enter search lamp
[INFO ] 2021-12-21 20:15:09.954 [TestNG-PoolService-4] BasePage - Test-5 Enter search sup
[INFO ] 2021-12-21 20:15:10.166 [TestNG-PoolService-3] BasePage - Test-4 Enter search лижі
[INFO ] 2021-12-21 20:15:12.934 [TestNG-PoolService-0] BasePage - Test-1 Enter search phone
[INFO ] 2021-12-21 20:15:23.457 [TestNG-PoolService-0] BasePage - Test-0 Select first product to Curt
[INFO ] 2021-12-21 20:15:23.466 [TestNG-PoolService-3] BasePage - Test-0 Select first product to Curt
[INFO ] 2021-12-21 20:15:24.957 [TestNG-PoolService-0] BasePage - Test-0 Open Curt page
[INFO ] 2021-12-21 20:15:24.964 [TestNG-PoolService-3] BasePage - Test-0 Open Curt page
[INFO ] 2021-12-21 20:15:25.689 [TestNG-PoolService-1] BasePage - Test-0 Select first product to Curt
[INFO ] 2021-12-21 20:15:26.490 [TestNG-PoolService-1] BasePage - Test-0 Open Curt page
[INFO ] 2021-12-21 20:15:27.396 [TestNG-PoolService-1] BasePage - Test-0 get sum price3400
[INFO ] 2021-12-21 20:15:28.082 [TestNG-PoolService-2] BasePage - Test-0 Select first product to Curt
[INFO ] 2021-12-21 20:15:28.087 [TestNG-PoolService-4] BasePage - Test-0 Select first product to Curt
[INFO ] 2021-12-21 20:16:02.633 [TestNG-PoolService-0] BasePage - Test-1 Enter search phone
[INFO ] 2021-12-21 20:16:03.218 [TestNG-PoolService-1] BasePage - Test-2 Enter search bag
[INFO ] 2021-12-21 20:16:03.286 [TestNG-PoolService-2] BasePage - Test-3 Enter search lamp
[INFO ] 2021-12-21 20:16:09.787 [TestNG-PoolService-0] BasePage - Test-0 Select first product to Curt
[INFO ] 2021-12-21 20:16:10.687 [TestNG-PoolService-2] BasePage - Test-0 Select first product to Curt
[INFO ] 2021-12-21 20:16:11.005 [TestNG-PoolService-0] BasePage - Test-0 Open Curt page
[INFO ] 2021-12-21 20:16:11.692 [TestNG-PoolService-2] BasePage - Test-0 Open Curt page
[INFO ] 2021-12-21 20:16:12.807 [TestNG-PoolService-1] BasePage - Test-0 Select first product to Curt
[INFO ] 2021-12-21 20:16:12.976 [TestNG-PoolService-2] BasePage - Test-0 get sum price750
[INFO ] 2021-12-21 20:16:21.312 [TestNG-PoolService-2] BasePage - Test-4 Enter search лижі
[INFO ] 2021-12-21 20:16:21.448 [TestNG-PoolService-1] BasePage - Test-5 Enter search sup
[INFO ] 2021-12-21 20:16:28.455 [TestNG-PoolService-1] BasePage - Test-0 Select first product to Curt
[INFO ] 2021-12-21 20:16:28.502 [TestNG-PoolService-2] BasePage - Test-0 Select first product to Curt
[INFO ] 2021-12-21 20:16:28.985 [TestNG-PoolService-1] BasePage - Test-0 Open Curt page
[INFO ] 2021-12-21 20:16:29.086 [TestNG-PoolService-2] BasePage - Test-0 Open Curt page
[INFO ] 2021-12-21 20:16:30.914 [TestNG-PoolService-1] BasePage - Test-0 get sum price350
[INFO ] 2021-12-21 20:17:44.288 [TestNG-PoolService-2] BasePage - Test-3 Enter search lamp
[INFO ] 2021-12-21 20:17:44.495 [TestNG-PoolService-3] BasePage - Test-4 Enter search лижі
[INFO ] 2021-12-21 20:17:45.046 [TestNG-PoolService-4] BasePage - Test-5 Enter search sup
[INFO ] 2021-12-21 20:17:46.965 [TestNG-PoolService-0] BasePage - Test-1 Enter search phone
[INFO ] 2021-12-21 20:17:48.684 [TestNG-PoolService-1] BasePage - Test-2 Enter search bag
[INFO ] 2021-12-21 20:17:58.515 [TestNG-PoolService-3] BasePage - Test-0 Select first product to Curt
[INFO ] 2021-12-21 20:17:59.129 [TestNG-PoolService-3] BasePage - Test-0 Open Curt page
[INFO ] 2021-12-21 20:18:00.200 [TestNG-PoolService-3] BasePage - Test-0 get sum price4160
[INFO ] 2021-12-21 20:18:00.358 [TestNG-PoolService-2] BasePage - Test-0 Select first product to Curt
[INFO ] 2021-12-21 20:18:00.368 [TestNG-PoolService-0] BasePage - Test-0 Select first product to Curt
[INFO ] 2021-12-21 20:18:00.841 [TestNG-PoolService-1] BasePage - Test-0 Select first product to Curt
[INFO ] 2021-12-21 20:18:01.063 [TestNG-PoolService-2] BasePage - Test-0 Open Curt page
[INFO ] 2021-12-21 20:18:02.370 [TestNG-PoolService-4] BasePage - Test-0 Select first product to Curt
[INFO ] 2021-12-21 20:18:02.526 [TestNG-PoolService-0] BasePage - Test-0 Open Curt page
[INFO ] 2021-12-21 20:18:02.929 [TestNG-PoolService-4] BasePage - Test-0 Open Curt page
[INFO ] 2021-12-21 21:16:03.947 [TestNG-PoolService-1] BasePage - Test-2 Enter search bag
[INFO ] 2021-12-21 21:16:04.245 [TestNG-PoolService-0] BasePage - Test-1 Enter search phone
[INFO ] 2021-12-21 21:16:04.640 [TestNG-PoolService-2] BasePage - Test-3 Enter search lamp
[INFO ] 2021-12-21 21:16:11.656 [TestNG-PoolService-2] BasePage - Test-0 Select first product to Curt
[INFO ] 2021-12-21 21:16:11.676 [TestNG-PoolService-0] BasePage - Test-0 Select first product to Curt
[INFO ] 2021-12-21 21:16:12.208 [TestNG-PoolService-1] BasePage - Test-0 Select first product to Curt
[INFO ] 2021-12-21 21:16:12.346 [TestNG-PoolService-2] BasePage - Test-0 Open Curt page
[INFO ] 2021-12-21 21:16:12.443 [TestNG-PoolService-0] BasePage - Test-0 Open Curt page
[INFO ] 2021-12-21 21:17:02.244 [main] BasePage - Test-1 Enter search phone
[INFO ] 2021-12-21 21:17:05.323 [main] BasePage - Test-0 Select first product to Curt
[INFO ] 2021-12-21 21:17:05.634 [main] BasePage - Test-0 Open Curt page
[INFO ] 2021-12-21 21:17:06.587 [main] BasePage - Test-0 get sum price29999
[INFO ] 2021-12-21 21:17:15.340 [main] BasePage - Test-2 Enter search bag
[INFO ] 2021-12-21 21:17:23.476 [main] BasePage - Test-0 Select first product to Curt
[INFO ] 2021-12-21 21:17:23.743 [main] BasePage - Test-0 Open Curt page
[INFO ] 2021-12-21 21:17:24.386 [main] BasePage - Test-0 get sum price3400
[INFO ] 2021-12-21 21:17:30.807 [main] BasePage - Test-3 Enter search lamp
[INFO ] 2021-12-21 21:17:34.079 [main] BasePage - Test-0 Select first product to Curt
[INFO ] 2021-12-21 21:17:34.331 [main] BasePage - Test-0 Open Curt page
[INFO ] 2021-12-21 21:17:34.941 [main] BasePage - Test-0 get sum price750
[INFO ] 2021-12-21 21:17:40.800 [main] BasePage - Test-4 Enter search лижі
[INFO ] 2021-12-21 21:17:44.410 [main] BasePage - Test-0 Select first product to Curt
[INFO ] 2021-12-21 21:17:44.672 [main] BasePage - Test-0 Open Curt page
[INFO ] 2021-12-21 21:17:45.264 [main] BasePage - Test-0 get sum price4160
[INFO ] 2021-12-21 21:17:50.984 [main] BasePage - Test-5 Enter search sup
[INFO ] 2021-12-21 21:17:52.138 [main] BasePage - Test-0 Select first product to Curt
[INFO ] 2021-12-21 21:17:55.338 [main] BasePage - Test-0 Open Curt page
[INFO ] 2021-12-21 21:17:55.963 [main] BasePage - Test-0 get sum price350
[INFO ] 2021-12-21 21:18:38.496 [TestNG-test=Test-1] BasePage - Test-1 Enter search phone
[INFO ] 2021-12-21 21:18:41.542 [TestNG-test=Test-1] BasePage - Test-0 Select first product to Curt
[INFO ] 2021-12-21 21:18:41.823 [TestNG-test=Test-1] BasePage - Test-0 Open Curt page
[INFO ] 2021-12-21 21:18:42.707 [TestNG-test=Test-1] BasePage - Test-0 get sum price29999
[INFO ] 2021-12-21 21:18:48.419 [TestNG-test=Test-1] BasePage - Test-2 Enter search bag
[INFO ] 2021-12-21 21:19:33.114 [TestNG-PoolService-0] BasePage - Test-1 Enter search phone
[INFO ] 2021-12-21 21:19:33.257 [TestNG-PoolService-1] BasePage - Test-2 Enter search bag
[INFO ] 2021-12-21 21:19:37.964 [TestNG-PoolService-1] BasePage - Test-0 Select first product to Curt
[INFO ] 2021-12-21 21:19:38.043 [TestNG-PoolService-0] BasePage - Test-0 Select first product to Curt
[INFO ] 2021-12-21 21:19:38.373 [TestNG-PoolService-1] BasePage - Test-0 Open Curt page
[INFO ] 2021-12-21 21:19:38.527 [TestNG-PoolService-0] BasePage - Test-0 Open Curt page
[INFO ] 2021-12-21 21:19:40.101 [TestNG-PoolService-1] BasePage - Test-0 get sum price3400
[INFO ] 2021-12-21 21:19:47.683 [TestNG-PoolService-0] BasePage - Test-3 Enter search lamp
[INFO ] 2021-12-21 21:19:49.502 [TestNG-PoolService-1] BasePage - Test-4 Enter search лижі
[INFO ] 2021-12-21 21:19:53.460 [TestNG-PoolService-0] BasePage - Test-0 Select first product to Curt
[INFO ] 2021-12-21 21:19:53.810 [TestNG-PoolService-0] BasePage - Test-0 Open Curt page
[INFO ] 2021-12-21 21:19:54.007 [TestNG-PoolService-1] BasePage - Test-0 Select first product to Curt
[INFO ] 2021-12-21 21:19:54.402 [TestNG-PoolService-1] BasePage - Test-0 Open Curt page
[INFO ] 2021-12-21 21:19:54.720 [TestNG-PoolService-0] BasePage - Test-0 get sum price750
[INFO ] 2021-12-21 21:19:55.394 [TestNG-PoolService-1] BasePage - Test-0 get sum price4160
[INFO ] 2021-12-21 21:20:00.654 [TestNG-PoolService-0] BasePage - Test-5 Enter search sup
[INFO ] 2021-12-21 21:20:04.698 [TestNG-PoolService-0] BasePage - Test-0 Select first product to Curt
[INFO ] 2021-12-21 21:20:04.941 [TestNG-PoolService-0] BasePage - Test-0 Open Curt page
[INFO ] 2021-12-21 21:20:05.498 [TestNG-PoolService-0] BasePage - Test-0 get sum price350
[INFO ] 2021-12-21 22:42:35.842 [main] BasePage -  Enter search phone
[INFO ] 2021-12-21 22:42:37.440 [main] BasePage -  Select first product to Curt
[INFO ] 2021-12-21 22:42:40.336 [main] BasePage -  Open Curt page
[INFO ] 2021-12-21 22:42:41.357 [main] BasePage -  get sum price29999
[INFO ] 2021-12-21 22:44:14.583 [main] BasePage -  Enter search phone
[INFO ] 2021-12-21 22:44:17.522 [main] BasePage -  Select first product to Curt
[INFO ] 2021-12-21 22:44:17.802 [main] BasePage -  Open Curt page
[INFO ] 2021-12-21 22:44:18.716 [main] BasePage -  get sum price29999
[INFO ] 2021-12-21 22:50:35.073 [main] BasePage -  Enter search phone
[INFO ] 2021-12-21 22:50:38.252 [main] BasePage -  Select first product to Curt
[INFO ] 2021-12-21 22:50:38.541 [main] BasePage -  Open Curt page
[INFO ] 2021-12-21 22:50:39.568 [main] BasePage -  get sum price29999
[INFO ] 2021-12-21 22:52:24.851 [main] BasePage -  Enter search phone
[INFO ] 2021-12-21 22:52:27.882 [main] BasePage -  Select first product to Curt
[INFO ] 2021-12-21 22:52:28.169 [main] BasePage -  Open Curt page
[INFO ] 2021-12-21 22:52:29.002 [main] BasePage -  get sum price29999
[INFO ] 2021-12-21 22:52:50.002 [TestNG-test=Test-1] BasePage -  Enter search phone
[INFO ] 2021-12-21 22:52:53.511 [TestNG-test=Test-1] BasePage -  Select first product to Curt
[INFO ] 2021-12-21 22:52:53.843 [TestNG-test=Test-1] BasePage -  Open Curt page
[INFO ] 2021-12-21 22:53:13.012 [TestNG-PoolService-0] BasePage -  Enter search phone
[INFO ] 2021-12-21 22:53:13.017 [TestNG-PoolService-1] BasePage -  Enter search bag
[INFO ] 2021-12-21 22:53:17.792 [TestNG-PoolService-1] BasePage -  Select first product to Curt
[INFO ] 2021-12-21 22:53:17.798 [TestNG-PoolService-0] BasePage -  Select first product to Curt
[INFO ] 2021-12-21 22:53:18.202 [TestNG-PoolService-1] BasePage -  Open Curt page
[INFO ] 2021-12-21 22:53:18.229 [TestNG-PoolService-0] BasePage -  Open Curt page
[INFO ] 2021-12-21 22:53:24.932 [TestNG-PoolService-0] BasePage -  Enter search lamp
[INFO ] 2021-12-21 22:53:28.147 [TestNG-PoolService-0] BasePage -  Select first product to Curt
[INFO ] 2021-12-21 22:53:28.410 [TestNG-PoolService-0] BasePage -  Open Curt page
[INFO ] 2021-12-21 22:53:29.048 [TestNG-PoolService-0] BasePage -  get sum price750
[INFO ] 2021-12-21 22:53:34.849 [TestNG-PoolService-0] BasePage -  Enter search лижі
[INFO ] 2021-12-21 22:53:38.504 [TestNG-PoolService-0] BasePage -  Select first product to Curt
[INFO ] 2021-12-21 22:53:38.774 [TestNG-PoolService-0] BasePage -  Open Curt page
[INFO ] 2021-12-21 22:53:39.435 [TestNG-PoolService-0] BasePage -  get sum price4160
[INFO ] 2021-12-21 22:53:45.079 [TestNG-PoolService-0] BasePage -  Enter search sup
[INFO ] 2021-12-21 22:53:49.185 [TestNG-PoolService-0] BasePage -  Select first product to Curt
[INFO ] 2021-12-21 22:53:49.433 [TestNG-PoolService-0] BasePage -  Open Curt page
[INFO ] 2021-12-21 22:53:50.014 [TestNG-PoolService-0] BasePage -  get sum price350
[INFO ] 2021-12-21 22:58:05.364 [TestNG-PoolService-0] BasePage -  Enter search phone
[INFO ] 2021-12-21 22:58:06.082 [TestNG-PoolService-1] BasePage -  Enter search bag
[INFO ] 2021-12-21 22:58:07.729 [TestNG-PoolService-2] BasePage -  Enter search lamp
[INFO ] 2021-12-21 22:58:12.462 [TestNG-PoolService-2] BasePage -  Select first product to Curt
[INFO ] 2021-12-21 22:58:12.799 [TestNG-PoolService-2] BasePage -  Open Curt page
[INFO ] 2021-12-21 22:58:12.865 [TestNG-PoolService-1] BasePage -  Select first product to Curt
[INFO ] 2021-12-21 22:58:13.453 [TestNG-PoolService-0] BasePage -  Select first product to Curt
[INFO ] 2021-12-21 22:58:13.851 [TestNG-PoolService-0] BasePage -  Open Curt page
[INFO ] 2021-12-21 22:58:15.220 [TestNG-PoolService-0] BasePage -  get sum price29999
[INFO ] 2021-12-21 22:58:21.514 [TestNG-PoolService-1] BasePage -  Enter search лижі
[INFO ] 2021-12-21 22:58:23.102 [TestNG-PoolService-0] BasePage -  Enter search sup
[INFO ] 2021-12-21 22:58:28.934 [TestNG-PoolService-0] BasePage -  Select first product to Curt
[INFO ] 2021-12-21 22:58:28.942 [TestNG-PoolService-1] BasePage -  Select first product to Curt
[INFO ] 2021-12-21 22:58:29.431 [TestNG-PoolService-0] BasePage -  Open Curt page
[INFO ] 2021-12-21 22:58:29.448 [TestNG-PoolService-1] BasePage -  Open Curt page
[INFO ] 2021-12-21 23:01:12.514 [TestNG-PoolService-4] BasePage -  Enter search sup
[INFO ] 2021-12-21 23:01:13.386 [TestNG-PoolService-1] BasePage -  Enter search bag
[INFO ] 2021-12-21 23:01:13.530 [TestNG-PoolService-0] BasePage -  Enter search phone
[INFO ] 2021-12-21 23:01:13.775 [TestNG-PoolService-2] BasePage -  Enter search lamp
[INFO ] 2021-12-21 23:01:13.834 [TestNG-PoolService-3] BasePage -  Enter search лижі
[INFO ] 2021-12-21 23:01:23.897 [TestNG-PoolService-0] BasePage -  Select first product to Curt
[INFO ] 2021-12-21 23:01:24.214 [TestNG-PoolService-3] BasePage -  Select first product to Curt
[INFO ] 2021-12-21 23:01:24.248 [TestNG-PoolService-2] BasePage -  Select first product to Curt
[INFO ] 2021-12-21 23:01:25.609 [TestNG-PoolService-0] BasePage -  Open Curt page
[INFO ] 2021-12-21 23:01:25.839 [TestNG-PoolService-3] BasePage -  Open Curt page
[INFO ] 2021-12-21 23:01:25.882 [TestNG-PoolService-2] BasePage -  Open Curt page
[INFO ] 2021-12-21 23:01:26.823 [TestNG-PoolService-4] BasePage -  Select first product to Curt
[INFO ] 2021-12-21 23:01:27.446 [TestNG-PoolService-4] BasePage -  Open Curt page
[INFO ] 2021-12-21 23:01:28.533 [TestNG-PoolService-4] BasePage -  get sum price350
[INFO ] 2021-12-21 23:02:10.929 [main] BasePage -  Enter search phone
[INFO ] 2021-12-21 23:02:14.181 [main] BasePage -  Select first product to Curt
[INFO ] 2021-12-21 23:02:14.446 [main] BasePage -  Open Curt page
[INFO ] 2021-12-21 23:02:15.412 [main] BasePage -  get sum price29999
[INFO ] 2021-12-21 23:02:21.778 [main] BasePage -  Enter search bag
[INFO ] 2021-12-21 23:02:25.355 [main] BasePage -  Select first product to Curt
[INFO ] 2021-12-21 23:02:25.604 [main] BasePage -  Open Curt page
[INFO ] 2021-12-21 23:02:26.227 [main] BasePage -  get sum price3400
[INFO ] 2021-12-21 23:02:32.429 [main] BasePage -  Enter search lamp
